<?xml version="1.0" encoding="UTF-8"?>
<!-- Generated by org.testng.reporters.JUnitReportReporter -->
<testsuite hostname="DESKTOP-F6BTIEU" failures="0" tests="1" name="testcases.serviceNow" time="137.519" errors="0" timestamp="2023-03-01T17:26:10 IST" skipped="0">
  <testcase classname="testcases.serviceNow" name="googleSearchTest" time="137.519"/>
  <system-out/>
</testsuite> <!-- testcases.serviceNow -->
