<?xml version="1.0" encoding="UTF-8"?>
<!-- Generated by org.testng.reporters.JUnitReportReporter -->
<testsuite hostname="DESKTOP-F6BTIEU" failures="0" tests="1" name="testcases.TestClass" time="0.029" errors="0" timestamp="2023-02-28T23:59:40 IST" skipped="0">
  <testcase classname="testcases.TestClass" name="setUp" time="0.029"/>
  <system-out/>
</testsuite> <!-- testcases.TestClass -->
