<?xml version="1.0" encoding="UTF-8"?>
<!-- Generated by org.testng.reporters.JUnitReportReporter -->
<testsuite hostname="DESKTOP-F6BTIEU" failures="0" tests="1" name="base.BeseTest" time="7.953" errors="0" timestamp="2023-03-01T12:35:49 IST" skipped="0">
  <testcase classname="base.BeseTest" name="test" time="7.953"/>
  <system-out/>
</testsuite> <!-- base.BeseTest -->
