<?xml version="1.0" encoding="UTF-8"?>
<!-- Generated by org.testng.reporters.JUnitReportReporter -->
<testsuite hostname="DESKTOP-F6BTIEU" failures="0" tests="1" name="testcases.GoogleTest" time="1.845" errors="0" timestamp="2023-02-26T15:00:13 IST" skipped="0">
  <testcase classname="testcases.GoogleTest" name="googleSearchTest" time="1.845"/>
  <system-out/>
</testsuite> <!-- testcases.GoogleTest -->
