<?xml version="1.0" encoding="UTF-8"?>
<!-- Generated by org.testng.reporters.JUnitReportReporter -->
<testsuite hostname="DESKTOP-F6BTIEU" failures="0" tests="1" name="testcases.Login" time="8.189" errors="0" timestamp="2023-03-01T17:52:13 IST" skipped="0">
  <testcase classname="testcases.Login" name="test" time="8.189"/>
  <system-out/>
</testsuite> <!-- testcases.Login -->
