<?xml version="1.0" encoding="UTF-8"?>
<!-- Generated by org.testng.reporters.JUnitReportReporter -->
<testsuite hostname="DESKTOP-F6BTIEU" failures="0" tests="1" name="base.TestController" time="141.309" errors="0" timestamp="2023-03-04T18:45:47 IST" skipped="0">
  <testcase classname="base.TestController" name="test" time="141.309"/>
  <system-out/>
</testsuite> <!-- base.TestController -->
